<?xml version="1.0" encoding="UTF-8"?>
<!-- Generated by org.testng.reporters.JUnitReportReporter -->
<testsuite hostname="WINDOWS-T1PRJ6D" failures="0" tests="1" name="com.nopcommerce_V1.TestRunner.TestRunner" time="4.310" errors="1" timestamp="2024-02-28T11:17:27 CST" skipped="0">
  <testcase classname="com.nopcommerce_V1.TestRunner.TestRunner" name="runScenario" time="4.310">
    <error message="Keys to send should be a not null CharSequence" type="java.lang.IllegalArgumentException">
      <![CDATA[java.lang.IllegalArgumentException: Keys to send should be a not null CharSequence
at org.openqa.selenium.remote.RemoteWebElement.sendKeys(RemoteWebElement.java:96)
at java.base/jdk.internal.reflect.NativeMethodAccessorImpl.invoke0(Native Method)
at java.base/jdk.internal.reflect.NativeMethodAccessorImpl.invoke(NativeMethodAccessorImpl.java:77)
at java.base/jdk.internal.reflect.DelegatingMethodAccessorImpl.invoke(DelegatingMethodAccessorImpl.java:43)
at java.base/java.lang.reflect.Method.invoke(Method.java:568)
at org.openqa.selenium.support.pagefactory.internal.LocatingElementHandler.invoke(LocatingElementHandler.java:51)
at jdk.proxy2/jdk.proxy2.$Proxy41.sendKeys(Unknown Source)
at com.nopcommerce_V1.PageObjects.LoginPage.doLogin(LoginPage.java:44)
at nopcommerce_V1.StepDefinitions.LoginPageSD.user_enters_valid_email_and_password(LoginPageSD.java:33)
at ✽.User enters valid email "admin@yourstore.com" and password "admin"(file:///C:/Users/msmee/eclipse-workspace/nopcommerce_V1/src/test/resources/Features/LoginPage.feature:8)
]]>
    </error>
  </testcase> <!-- runScenario -->
  <system-out/>
</testsuite> <!-- com.nopcommerce_V1.TestRunner.TestRunner -->
